<?xml version="1.0" encoding="UTF-8"?>
<coverage generated="1590798145144" clover="3.2.0">
  <project timestamp="1590798145144" name="All files">
    <metrics statements="91" coveredstatements="67" conditionals="46" coveredconditionals="24" methods="35" coveredmethods="20" elements="172" coveredelements="111" complexity="0" loc="91" ncloc="91" packages="1" files="6" classes="6"/>
    <file name="AuthNavBar.js" path="D:\My\UPPRPO\CaloriesMeter\src\main\webapp\src\components\AuthNavBar.js">
      <metrics statements="1" coveredstatements="1" conditionals="0" coveredconditionals="0" methods="1" coveredmethods="1"/>
      <line num="7" count="1" type="stmt"/>
    </file>
    <file name="Food.js" path="D:\My\UPPRPO\CaloriesMeter\src\main\webapp\src\components\Food.js">
      <metrics statements="16" coveredstatements="13" conditionals="4" coveredconditionals="1" methods="7" coveredmethods="3"/>
      <line num="8" count="6" type="stmt"/>
      <line num="9" count="6" type="stmt"/>
      <line num="10" count="6" type="stmt"/>
      <line num="11" count="6" type="stmt"/>
      <line num="12" count="6" type="stmt"/>
      <line num="13" count="6" type="stmt"/>
      <line num="16" count="6" type="stmt"/>
      <line num="19" count="1" type="stmt"/>
      <line num="21" count="1" type="stmt"/>
      <line num="27" count="1" type="stmt"/>
      <line num="29" count="0" type="stmt"/>
      <line num="35" count="0" type="stmt"/>
      <line num="40" count="1" type="stmt"/>
      <line num="41" count="1" type="stmt"/>
      <line num="45" count="0" type="stmt"/>
      <line num="49" count="7" type="stmt"/>
    </file>
    <file name="FoodList.js" path="D:\My\UPPRPO\CaloriesMeter\src\main\webapp\src\components\FoodList.js">
      <metrics statements="70" coveredstatements="49" conditionals="42" coveredconditionals="23" methods="24" coveredmethods="13"/>
      <line num="24" count="14" type="stmt"/>
      <line num="25" count="14" type="stmt"/>
      <line num="39" count="14" type="stmt"/>
      <line num="43" count="19" type="stmt"/>
      <line num="44" count="19" type="stmt"/>
      <line num="45" count="0" type="stmt"/>
      <line num="47" count="0" type="stmt"/>
      <line num="56" count="14" type="stmt"/>
      <line num="57" count="0" type="stmt"/>
      <line num="58" count="0" type="cond" truecount="0" falsecount="2"/>
      <line num="59" count="0" type="stmt"/>
      <line num="61" count="0" type="cond" truecount="0" falsecount="2"/>
      <line num="62" count="0" type="stmt"/>
      <line num="64" count="0" type="cond" truecount="0" falsecount="2"/>
      <line num="65" count="0" type="stmt"/>
      <line num="67" count="0" type="stmt"/>
      <line num="69" count="0" type="stmt"/>
      <line num="74" count="14" type="stmt"/>
      <line num="75" count="3" type="stmt"/>
      <line num="76" count="3" type="cond" truecount="2" falsecount="0"/>
      <line num="77" count="2" type="cond" truecount="2" falsecount="0"/>
      <line num="78" count="1" type="stmt"/>
      <line num="80" count="1" type="stmt"/>
      <line num="85" count="14" type="stmt"/>
      <line num="86" count="3" type="stmt"/>
      <line num="87" count="3" type="cond" truecount="2" falsecount="0"/>
      <line num="88" count="2" type="cond" truecount="2" falsecount="0"/>
      <line num="89" count="1" type="stmt"/>
      <line num="91" count="1" type="stmt"/>
      <line num="96" count="14" type="stmt"/>
      <line num="97" count="3" type="stmt"/>
      <line num="98" count="3" type="cond" truecount="2" falsecount="0"/>
      <line num="99" count="2" type="cond" truecount="2" falsecount="0"/>
      <line num="100" count="1" type="stmt"/>
      <line num="102" count="1" type="stmt"/>
      <line num="107" count="14" type="stmt"/>
      <line num="108" count="3" type="cond" truecount="2" falsecount="0"/>
      <line num="109" count="2" type="cond" truecount="2" falsecount="0"/>
      <line num="110" count="1" type="stmt"/>
      <line num="112" count="1" type="stmt"/>
      <line num="117" count="14" type="stmt"/>
      <line num="118" count="3" type="stmt"/>
      <line num="123" count="14" type="stmt"/>
      <line num="124" count="1" type="stmt"/>
      <line num="125" count="1" type="stmt"/>
      <line num="128" count="14" type="stmt"/>
      <line num="129" count="7" type="stmt"/>
      <line num="130" count="7" type="cond" truecount="2" falsecount="0"/>
      <line num="131" count="1" type="stmt"/>
      <line num="133" count="7" type="cond" truecount="2" falsecount="0"/>
      <line num="134" count="1" type="stmt"/>
      <line num="136" count="7" type="stmt"/>
      <line num="137" count="0" type="stmt"/>
      <line num="139" count="0" type="stmt"/>
      <line num="148" count="14" type="stmt"/>
      <line num="149" count="1" type="stmt"/>
      <line num="153" count="14" type="stmt"/>
      <line num="154" count="1" type="stmt"/>
      <line num="158" count="14" type="stmt"/>
      <line num="159" count="0" type="stmt"/>
      <line num="164" count="0" type="stmt"/>
      <line num="165" count="0" type="stmt"/>
      <line num="167" count="0" type="stmt"/>
      <line num="173" count="0" type="stmt"/>
      <line num="178" count="0" type="stmt"/>
      <line num="181" count="14" type="stmt"/>
      <line num="182" count="0" type="stmt"/>
      <line num="187" count="26" type="stmt"/>
      <line num="189" count="26" type="stmt"/>
      <line num="231" count="0" type="stmt"/>
    </file>
    <file name="Footer.js" path="D:\My\UPPRPO\CaloriesMeter\src\main\webapp\src\components\Footer.js">
      <metrics statements="2" coveredstatements="2" conditionals="0" coveredconditionals="0" methods="1" coveredmethods="1"/>
      <line num="7" count="1" type="stmt"/>
      <line num="9" count="1" type="stmt"/>
    </file>
    <file name="NavigationBar.js" path="D:\My\UPPRPO\CaloriesMeter\src\main\webapp\src\components\NavigationBar.js">
      <metrics statements="1" coveredstatements="1" conditionals="0" coveredconditionals="0" methods="1" coveredmethods="1"/>
      <line num="7" count="1" type="stmt"/>
    </file>
    <file name="Welcome.js" path="D:\My\UPPRPO\CaloriesMeter\src\main\webapp\src\components\Welcome.js">
      <metrics statements="1" coveredstatements="1" conditionals="0" coveredconditionals="0" methods="1" coveredmethods="1"/>
      <line num="6" count="1" type="stmt"/>
    </file>
  </project>
</coverage>
