{"D:\\My\\UPPRPO\\CaloriesMeter\\src\\main\\webapp\\src\\components\\AuthNavBar.js": {"path":"D:\\My\\UPPRPO\\CaloriesMeter\\src\\main\\webapp\\src\\components\\AuthNavBar.js","statementMap":{"0":{"start":{"line":7,"column":8},"end":{"line":17,"column":10}}},"fnMap":{"0":{"name":"(anonymous_0)","decl":{"start":{"line":6,"column":4},"end":{"line":6,"column":5}},"loc":{"start":{"line":6,"column":13},"end":{"line":18,"column":5}},"line":6}},"branchMap":{},"s":{"0":1},"f":{"0":1},"b":{},"_coverageSchema":"43e27e138ebf9cfc5966b082cf9a028302ed4184","hash":"bbc8b1e550757b51071bddab91726f8b423dbf7a"}
,"D:\\My\\UPPRPO\\CaloriesMeter\\src\\main\\webapp\\src\\components\\Food.js": {"path":"D:\\My\\UPPRPO\\CaloriesMeter\\src\\main\\webapp\\src\\components\\Food.js","statementMap":{"0":{"start":{"line":8,"column":8},"end":{"line":8,"column":21}},"1":{"start":{"line":9,"column":8},"end":{"line":9,"column":39}},"2":{"start":{"line":10,"column":8},"end":{"line":10,"column":32}},"3":{"start":{"line":11,"column":8},"end":{"line":11,"column":35}},"4":{"start":{"line":12,"column":8},"end":{"line":12,"column":53}},"5":{"start":{"line":13,"column":8},"end":{"line":13,"column":53}},"6":{"start":{"line":16,"column":19},"end":{"line":16,"column":53}},"7":{"start":{"line":19,"column":8},"end":{"line":19,"column":31}},"8":{"start":{"line":21,"column":21},"end":{"line":25,"column":9}},"9":{"start":{"line":27,"column":8},"end":{"line":39,"column":15}},"10":{"start":{"line":29,"column":16},"end":{"line":32,"column":19}},"11":{"start":{"line":35,"column":16},"end":{"line":38,"column":19}},"12":{"start":{"line":40,"column":8},"end":{"line":40,"column":62}},"13":{"start":{"line":40,"column":25},"end":{"line":40,"column":54}},"14":{"start":{"line":41,"column":8},"end":{"line":41,"column":41}},"15":{"start":{"line":45,"column":8},"end":{"line":45,"column":64}},"16":{"start":{"line":49,"column":8},"end":{"line":84,"column":9}}},"fnMap":{"0":{"name":"(anonymous_0)","decl":{"start":{"line":7,"column":4},"end":{"line":7,"column":5}},"loc":{"start":{"line":7,"column":23},"end":{"line":14,"column":5}},"line":7},"1":{"name":"(anonymous_1)","decl":{"start":{"line":18,"column":4},"end":{"line":18,"column":5}},"loc":{"start":{"line":18,"column":22},"end":{"line":42,"column":5}},"line":18},"2":{"name":"(anonymous_2)","decl":{"start":{"line":28,"column":18},"end":{"line":28,"column":19}},"loc":{"start":{"line":28,"column":30},"end":{"line":33,"column":13}},"line":28},"3":{"name":"(anonymous_3)","decl":{"start":{"line":34,"column":19},"end":{"line":34,"column":20}},"loc":{"start":{"line":34,"column":28},"end":{"line":39,"column":13}},"line":34},"4":{"name":"(anonymous_4)","decl":{"start":{"line":40,"column":19},"end":{"line":40,"column":20}},"loc":{"start":{"line":40,"column":25},"end":{"line":40,"column":54}},"line":40},"5":{"name":"(anonymous_5)","decl":{"start":{"line":44,"column":4},"end":{"line":44,"column":5}},"loc":{"start":{"line":44,"column":21},"end":{"line":46,"column":5}},"line":44},"6":{"name":"(anonymous_6)","decl":{"start":{"line":48,"column":4},"end":{"line":48,"column":5}},"loc":{"start":{"line":48,"column":13},"end":{"line":85,"column":5}},"line":48}},"branchMap":{"0":{"loc":{"start":{"line":37,"column":31},"end":{"line":37,"column":129}},"type":"cond-expr","locations":[{"start":{"line":37,"column":63},"end":{"line":37,"column":107}},{"start":{"line":37,"column":110},"end":{"line":37,"column":129}}],"line":37},"1":{"loc":{"start":{"line":51,"column":39},"end":{"line":51,"column":73}},"type":"cond-expr","locations":[{"start":{"line":51,"column":57},"end":{"line":51,"column":64}},{"start":{"line":51,"column":67},"end":{"line":51,"column":73}}],"line":51}},"s":{"0":6,"1":6,"2":6,"3":6,"4":6,"5":6,"6":6,"7":1,"8":1,"9":1,"10":0,"11":0,"12":1,"13":0,"14":1,"15":0,"16":7},"f":{"0":6,"1":1,"2":0,"3":0,"4":0,"5":0,"6":7},"b":{"0":[0,0],"1":[0,7]},"_coverageSchema":"43e27e138ebf9cfc5966b082cf9a028302ed4184","hash":"96546f4f8cdf2be73ec305195b7d55251f4112d1"}
,"D:\\My\\UPPRPO\\CaloriesMeter\\src\\main\\webapp\\src\\components\\FoodList.js": {"path":"D:\\My\\UPPRPO\\CaloriesMeter\\src\\main\\webapp\\src\\components\\FoodList.js","statementMap":{"0":{"start":{"line":24,"column":8},"end":{"line":24,"column":21}},"1":{"start":{"line":25,"column":8},"end":{"line":35,"column":10}},"2":{"start":{"line":39,"column":8},"end":{"line":39,"column":49}},"3":{"start":{"line":43,"column":8},"end":{"line":43,"column":25}},"4":{"start":{"line":44,"column":8},"end":{"line":53,"column":15}},"5":{"start":{"line":45,"column":30},"end":{"line":45,"column":43}},"6":{"start":{"line":47,"column":16},"end":{"line":52,"column":19}},"7":{"start":{"line":56,"column":17},"end":{"line":72,"column":5}},"8":{"start":{"line":57,"column":25},"end":{"line":57,"column":53}},"9":{"start":{"line":58,"column":8},"end":{"line":60,"column":9}},"10":{"start":{"line":59,"column":12},"end":{"line":59,"column":48}},"11":{"start":{"line":61,"column":8},"end":{"line":63,"column":9}},"12":{"start":{"line":62,"column":12},"end":{"line":62,"column":47}},"13":{"start":{"line":64,"column":8},"end":{"line":68,"column":9}},"14":{"start":{"line":65,"column":12},"end":{"line":65,"column":40}},"15":{"start":{"line":67,"column":12},"end":{"line":67,"column":41}},"16":{"start":{"line":69,"column":8},"end":{"line":71,"column":11}},"17":{"start":{"line":74,"column":16},"end":{"line":83,"column":5}},"18":{"start":{"line":75,"column":24},"end":{"line":75,"column":25}},"19":{"start":{"line":76,"column":8},"end":{"line":82,"column":9}},"20":{"start":{"line":77,"column":12},"end":{"line":81,"column":13}},"21":{"start":{"line":78,"column":16},"end":{"line":78,"column":43}},"22":{"start":{"line":80,"column":16},"end":{"line":80,"column":44}},"23":{"start":{"line":85,"column":15},"end":{"line":94,"column":5}},"24":{"start":{"line":86,"column":23},"end":{"line":86,"column":24}},"25":{"start":{"line":87,"column":8},"end":{"line":93,"column":9}},"26":{"start":{"line":88,"column":12},"end":{"line":92,"column":13}},"27":{"start":{"line":89,"column":16},"end":{"line":89,"column":67}},"28":{"start":{"line":91,"column":16},"end":{"line":91,"column":68}},"29":{"start":{"line":96,"column":15},"end":{"line":105,"column":5}},"30":{"start":{"line":97,"column":24},"end":{"line":97,"column":85}},"31":{"start":{"line":98,"column":8},"end":{"line":104,"column":9}},"32":{"start":{"line":99,"column":12},"end":{"line":103,"column":13}},"33":{"start":{"line":100,"column":16},"end":{"line":100,"column":43}},"34":{"start":{"line":102,"column":16},"end":{"line":102,"column":44}},"35":{"start":{"line":107,"column":15},"end":{"line":115,"column":5}},"36":{"start":{"line":108,"column":8},"end":{"line":114,"column":9}},"37":{"start":{"line":109,"column":12},"end":{"line":113,"column":13}},"38":{"start":{"line":110,"column":16},"end":{"line":110,"column":60}},"39":{"start":{"line":112,"column":16},"end":{"line":112,"column":61}},"40":{"start":{"line":117,"column":19},"end":{"line":121,"column":5}},"41":{"start":{"line":118,"column":8},"end":{"line":120,"column":11}},"42":{"start":{"line":123,"column":19},"end":{"line":126,"column":5}},"43":{"start":{"line":124,"column":8},"end":{"line":124,"column":39}},"44":{"start":{"line":125,"column":8},"end":{"line":125,"column":49}},"45":{"start":{"line":128,"column":17},"end":{"line":146,"column":5}},"46":{"start":{"line":129,"column":8},"end":{"line":129,"column":25}},"47":{"start":{"line":130,"column":8},"end":{"line":132,"column":9}},"48":{"start":{"line":131,"column":12},"end":{"line":131,"column":28}},"49":{"start":{"line":133,"column":8},"end":{"line":135,"column":9}},"50":{"start":{"line":134,"column":12},"end":{"line":134,"column":48}},"51":{"start":{"line":136,"column":8},"end":{"line":145,"column":15}},"52":{"start":{"line":137,"column":30},"end":{"line":137,"column":43}},"53":{"start":{"line":139,"column":16},"end":{"line":144,"column":19}},"54":{"start":{"line":148,"column":22},"end":{"line":151,"column":5}},"55":{"start":{"line":149,"column":8},"end":{"line":150,"column":28}},"56":{"start":{"line":153,"column":18},"end":{"line":156,"column":5}},"57":{"start":{"line":154,"column":8},"end":{"line":155,"column":29}},"58":{"start":{"line":158,"column":14},"end":{"line":179,"column":5}},"59":{"start":{"line":159,"column":21},"end":{"line":163,"column":9}},"60":{"start":{"line":164,"column":8},"end":{"line":164,"column":27}},"61":{"start":{"line":165,"column":8},"end":{"line":177,"column":15}},"62":{"start":{"line":167,"column":16},"end":{"line":170,"column":19}},"63":{"start":{"line":173,"column":16},"end":{"line":176,"column":19}},"64":{"start":{"line":178,"column":8},"end":{"line":178,"column":62}},"65":{"start":{"line":178,"column":25},"end":{"line":178,"column":54}},"66":{"start":{"line":181,"column":16},"end":{"line":183,"column":5}},"67":{"start":{"line":182,"column":8},"end":{"line":182,"column":55}},"68":{"start":{"line":187,"column":57},"end":{"line":187,"column":67}},"69":{"start":{"line":189,"column":8},"end":{"line":300,"column":10}},"70":{"start":{"line":231,"column":40},"end":{"line":236,"column":45}}},"fnMap":{"0":{"name":"(anonymous_0)","decl":{"start":{"line":23,"column":4},"end":{"line":23,"column":5}},"loc":{"start":{"line":23,"column":23},"end":{"line":36,"column":5}},"line":23},"1":{"name":"(anonymous_1)","decl":{"start":{"line":38,"column":4},"end":{"line":38,"column":5}},"loc":{"start":{"line":38,"column":24},"end":{"line":40,"column":5}},"line":38},"2":{"name":"(anonymous_2)","decl":{"start":{"line":42,"column":4},"end":{"line":42,"column":5}},"loc":{"start":{"line":42,"column":29},"end":{"line":54,"column":5}},"line":42},"3":{"name":"(anonymous_3)","decl":{"start":{"line":45,"column":18},"end":{"line":45,"column":19}},"loc":{"start":{"line":45,"column":30},"end":{"line":45,"column":43}},"line":45},"4":{"name":"(anonymous_4)","decl":{"start":{"line":46,"column":18},"end":{"line":46,"column":19}},"loc":{"start":{"line":46,"column":28},"end":{"line":53,"column":13}},"line":46},"5":{"name":"(anonymous_5)","decl":{"start":{"line":56,"column":17},"end":{"line":56,"column":18}},"loc":{"start":{"line":56,"column":26},"end":{"line":72,"column":5}},"line":56},"6":{"name":"(anonymous_6)","decl":{"start":{"line":74,"column":16},"end":{"line":74,"column":17}},"loc":{"start":{"line":74,"column":22},"end":{"line":83,"column":5}},"line":74},"7":{"name":"(anonymous_7)","decl":{"start":{"line":85,"column":15},"end":{"line":85,"column":16}},"loc":{"start":{"line":85,"column":21},"end":{"line":94,"column":5}},"line":85},"8":{"name":"(anonymous_8)","decl":{"start":{"line":96,"column":15},"end":{"line":96,"column":16}},"loc":{"start":{"line":96,"column":21},"end":{"line":105,"column":5}},"line":96},"9":{"name":"(anonymous_9)","decl":{"start":{"line":107,"column":15},"end":{"line":107,"column":16}},"loc":{"start":{"line":107,"column":21},"end":{"line":115,"column":5}},"line":107},"10":{"name":"(anonymous_10)","decl":{"start":{"line":117,"column":19},"end":{"line":117,"column":20}},"loc":{"start":{"line":117,"column":28},"end":{"line":121,"column":5}},"line":117},"11":{"name":"(anonymous_11)","decl":{"start":{"line":123,"column":19},"end":{"line":123,"column":20}},"loc":{"start":{"line":123,"column":25},"end":{"line":126,"column":5}},"line":123},"12":{"name":"(anonymous_12)","decl":{"start":{"line":128,"column":17},"end":{"line":128,"column":18}},"loc":{"start":{"line":128,"column":34},"end":{"line":146,"column":5}},"line":128},"13":{"name":"(anonymous_13)","decl":{"start":{"line":137,"column":18},"end":{"line":137,"column":19}},"loc":{"start":{"line":137,"column":30},"end":{"line":137,"column":43}},"line":137},"14":{"name":"(anonymous_14)","decl":{"start":{"line":138,"column":18},"end":{"line":138,"column":19}},"loc":{"start":{"line":138,"column":28},"end":{"line":145,"column":13}},"line":138},"15":{"name":"(anonymous_15)","decl":{"start":{"line":148,"column":22},"end":{"line":148,"column":23}},"loc":{"start":{"line":148,"column":35},"end":{"line":151,"column":5}},"line":148},"16":{"name":"(anonymous_16)","decl":{"start":{"line":153,"column":18},"end":{"line":153,"column":19}},"loc":{"start":{"line":153,"column":24},"end":{"line":156,"column":5}},"line":153},"17":{"name":"(anonymous_17)","decl":{"start":{"line":158,"column":14},"end":{"line":158,"column":15}},"loc":{"start":{"line":158,"column":20},"end":{"line":179,"column":5}},"line":158},"18":{"name":"(anonymous_18)","decl":{"start":{"line":166,"column":18},"end":{"line":166,"column":19}},"loc":{"start":{"line":166,"column":30},"end":{"line":171,"column":13}},"line":166},"19":{"name":"(anonymous_19)","decl":{"start":{"line":172,"column":19},"end":{"line":172,"column":20}},"loc":{"start":{"line":172,"column":28},"end":{"line":177,"column":13}},"line":172},"20":{"name":"(anonymous_20)","decl":{"start":{"line":178,"column":19},"end":{"line":178,"column":20}},"loc":{"start":{"line":178,"column":25},"end":{"line":178,"column":54}},"line":178},"21":{"name":"(anonymous_21)","decl":{"start":{"line":181,"column":16},"end":{"line":181,"column":17}},"loc":{"start":{"line":181,"column":27},"end":{"line":183,"column":5}},"line":181},"22":{"name":"(anonymous_22)","decl":{"start":{"line":186,"column":4},"end":{"line":186,"column":5}},"loc":{"start":{"line":186,"column":13},"end":{"line":301,"column":5}},"line":186},"23":{"name":"(anonymous_23)","decl":{"start":{"line":230,"column":48},"end":{"line":230,"column":49}},"loc":{"start":{"line":231,"column":40},"end":{"line":236,"column":45}},"line":231}},"branchMap":{"0":{"loc":{"start":{"line":58,"column":8},"end":{"line":60,"column":9}},"type":"if","locations":[{"start":{"line":58,"column":8},"end":{"line":60,"column":9}},{"start":{"line":58,"column":8},"end":{"line":60,"column":9}}],"line":58},"1":{"loc":{"start":{"line":61,"column":8},"end":{"line":63,"column":9}},"type":"if","locations":[{"start":{"line":61,"column":8},"end":{"line":63,"column":9}},{"start":{"line":61,"column":8},"end":{"line":63,"column":9}}],"line":61},"2":{"loc":{"start":{"line":64,"column":8},"end":{"line":68,"column":9}},"type":"if","locations":[{"start":{"line":64,"column":8},"end":{"line":68,"column":9}},{"start":{"line":64,"column":8},"end":{"line":68,"column":9}}],"line":64},"3":{"loc":{"start":{"line":76,"column":8},"end":{"line":82,"column":9}},"type":"if","locations":[{"start":{"line":76,"column":8},"end":{"line":82,"column":9}},{"start":{"line":76,"column":8},"end":{"line":82,"column":9}}],"line":76},"4":{"loc":{"start":{"line":77,"column":12},"end":{"line":81,"column":13}},"type":"if","locations":[{"start":{"line":77,"column":12},"end":{"line":81,"column":13}},{"start":{"line":77,"column":12},"end":{"line":81,"column":13}}],"line":77},"5":{"loc":{"start":{"line":87,"column":8},"end":{"line":93,"column":9}},"type":"if","locations":[{"start":{"line":87,"column":8},"end":{"line":93,"column":9}},{"start":{"line":87,"column":8},"end":{"line":93,"column":9}}],"line":87},"6":{"loc":{"start":{"line":88,"column":12},"end":{"line":92,"column":13}},"type":"if","locations":[{"start":{"line":88,"column":12},"end":{"line":92,"column":13}},{"start":{"line":88,"column":12},"end":{"line":92,"column":13}}],"line":88},"7":{"loc":{"start":{"line":98,"column":8},"end":{"line":104,"column":9}},"type":"if","locations":[{"start":{"line":98,"column":8},"end":{"line":104,"column":9}},{"start":{"line":98,"column":8},"end":{"line":104,"column":9}}],"line":98},"8":{"loc":{"start":{"line":99,"column":12},"end":{"line":103,"column":13}},"type":"if","locations":[{"start":{"line":99,"column":12},"end":{"line":103,"column":13}},{"start":{"line":99,"column":12},"end":{"line":103,"column":13}}],"line":99},"9":{"loc":{"start":{"line":108,"column":8},"end":{"line":114,"column":9}},"type":"if","locations":[{"start":{"line":108,"column":8},"end":{"line":114,"column":9}},{"start":{"line":108,"column":8},"end":{"line":114,"column":9}}],"line":108},"10":{"loc":{"start":{"line":109,"column":12},"end":{"line":113,"column":13}},"type":"if","locations":[{"start":{"line":109,"column":12},"end":{"line":113,"column":13}},{"start":{"line":109,"column":12},"end":{"line":113,"column":13}}],"line":109},"11":{"loc":{"start":{"line":130,"column":8},"end":{"line":132,"column":9}},"type":"if","locations":[{"start":{"line":130,"column":8},"end":{"line":132,"column":9}},{"start":{"line":130,"column":8},"end":{"line":132,"column":9}}],"line":130},"12":{"loc":{"start":{"line":133,"column":8},"end":{"line":135,"column":9}},"type":"if","locations":[{"start":{"line":133,"column":8},"end":{"line":135,"column":9}},{"start":{"line":133,"column":8},"end":{"line":135,"column":9}}],"line":133},"13":{"loc":{"start":{"line":175,"column":31},"end":{"line":175,"column":129}},"type":"cond-expr","locations":[{"start":{"line":175,"column":63},"end":{"line":175,"column":107}},{"start":{"line":175,"column":110},"end":{"line":175,"column":129}}],"line":175},"14":{"loc":{"start":{"line":191,"column":40},"end":{"line":191,"column":74}},"type":"cond-expr","locations":[{"start":{"line":191,"column":58},"end":{"line":191,"column":65}},{"start":{"line":191,"column":68},"end":{"line":191,"column":74}}],"line":191},"15":{"loc":{"start":{"line":226,"column":36},"end":{"line":237,"column":38}},"type":"cond-expr","locations":[{"start":{"line":227,"column":36},"end":{"line":229,"column":41}},{"start":{"line":230,"column":38},"end":{"line":237,"column":38}}],"line":226},"16":{"loc":{"start":{"line":243,"column":24},"end":{"line":274,"column":45}},"type":"cond-expr","locations":[{"start":{"line":244,"column":24},"end":{"line":274,"column":38}},{"start":{"line":274,"column":41},"end":{"line":274,"column":45}}],"line":243},"17":{"loc":{"start":{"line":251,"column":95},"end":{"line":251,"column":127}},"type":"cond-expr","locations":[{"start":{"line":251,"column":115},"end":{"line":251,"column":119}},{"start":{"line":251,"column":122},"end":{"line":251,"column":127}}],"line":251},"18":{"loc":{"start":{"line":255,"column":95},"end":{"line":255,"column":127}},"type":"cond-expr","locations":[{"start":{"line":255,"column":115},"end":{"line":255,"column":119}},{"start":{"line":255,"column":122},"end":{"line":255,"column":127}}],"line":255},"19":{"loc":{"start":{"line":263,"column":95},"end":{"line":263,"column":136}},"type":"cond-expr","locations":[{"start":{"line":263,"column":124},"end":{"line":263,"column":128}},{"start":{"line":263,"column":131},"end":{"line":263,"column":136}}],"line":263},"20":{"loc":{"start":{"line":267,"column":95},"end":{"line":267,"column":136}},"type":"cond-expr","locations":[{"start":{"line":267,"column":124},"end":{"line":267,"column":128}},{"start":{"line":267,"column":131},"end":{"line":267,"column":136}}],"line":267}},"s":{"0":14,"1":14,"2":14,"3":19,"4":19,"5":0,"6":0,"7":14,"8":0,"9":0,"10":0,"11":0,"12":0,"13":0,"14":0,"15":0,"16":0,"17":14,"18":3,"19":3,"20":2,"21":1,"22":1,"23":14,"24":3,"25":3,"26":2,"27":1,"28":1,"29":14,"30":3,"31":3,"32":2,"33":1,"34":1,"35":14,"36":3,"37":2,"38":1,"39":1,"40":14,"41":3,"42":14,"43":1,"44":1,"45":14,"46":7,"47":7,"48":1,"49":7,"50":1,"51":7,"52":0,"53":0,"54":14,"55":1,"56":14,"57":1,"58":14,"59":0,"60":0,"61":0,"62":0,"63":0,"64":0,"65":0,"66":14,"67":0,"68":26,"69":26,"70":0},"f":{"0":14,"1":14,"2":19,"3":0,"4":0,"5":0,"6":3,"7":3,"8":3,"9":3,"10":3,"11":1,"12":7,"13":0,"14":0,"15":1,"16":1,"17":0,"18":0,"19":0,"20":0,"21":0,"22":26,"23":0},"b":{"0":[0,0],"1":[0,0],"2":[0,0],"3":[2,1],"4":[1,1],"5":[2,1],"6":[1,1],"7":[2,1],"8":[1,1],"9":[2,1],"10":[1,1],"11":[1,6],"12":[1,6],"13":[0,0],"14":[0,26],"15":[26,0],"16":[0,26],"17":[0,0],"18":[0,0],"19":[0,0],"20":[0,0]},"_coverageSchema":"43e27e138ebf9cfc5966b082cf9a028302ed4184","hash":"ae9533bba686ed694998916f992f5c8132299e81"}
,"D:\\My\\UPPRPO\\CaloriesMeter\\src\\main\\webapp\\src\\components\\Footer.js": {"path":"D:\\My\\UPPRPO\\CaloriesMeter\\src\\main\\webapp\\src\\components\\Footer.js","statementMap":{"0":{"start":{"line":7,"column":23},"end":{"line":7,"column":47}},"1":{"start":{"line":9,"column":8},"end":{"line":17,"column":10}}},"fnMap":{"0":{"name":"(anonymous_0)","decl":{"start":{"line":6,"column":4},"end":{"line":6,"column":5}},"loc":{"start":{"line":6,"column":13},"end":{"line":18,"column":5}},"line":6}},"branchMap":{},"s":{"0":1,"1":1},"f":{"0":1},"b":{},"_coverageSchema":"43e27e138ebf9cfc5966b082cf9a028302ed4184","hash":"044be6fab7297ed54f18953317bf597f09b4caa8"}
,"D:\\My\\UPPRPO\\CaloriesMeter\\src\\main\\webapp\\src\\components\\NavigationBar.js": {"path":"D:\\My\\UPPRPO\\CaloriesMeter\\src\\main\\webapp\\src\\components\\NavigationBar.js","statementMap":{"0":{"start":{"line":7,"column":8},"end":{"line":20,"column":10}}},"fnMap":{"0":{"name":"(anonymous_0)","decl":{"start":{"line":6,"column":4},"end":{"line":6,"column":5}},"loc":{"start":{"line":6,"column":13},"end":{"line":21,"column":5}},"line":6}},"branchMap":{},"s":{"0":1},"f":{"0":1},"b":{},"_coverageSchema":"43e27e138ebf9cfc5966b082cf9a028302ed4184","hash":"a93b54b42acd278b425e0f4e4d66ab8ae74fa98e"}
,"D:\\My\\UPPRPO\\CaloriesMeter\\src\\main\\webapp\\src\\components\\Welcome.js": {"path":"D:\\My\\UPPRPO\\CaloriesMeter\\src\\main\\webapp\\src\\components\\Welcome.js","statementMap":{"0":{"start":{"line":6,"column":8},"end":{"line":16,"column":10}}},"fnMap":{"0":{"name":"(anonymous_0)","decl":{"start":{"line":5,"column":4},"end":{"line":5,"column":5}},"loc":{"start":{"line":5,"column":13},"end":{"line":17,"column":5}},"line":5}},"branchMap":{},"s":{"0":1},"f":{"0":1},"b":{},"_coverageSchema":"43e27e138ebf9cfc5966b082cf9a028302ed4184","hash":"24bc2d6c28c29c010e180dfb1d4ce93b2e3d8914"}
}
