TN:
SF:D:\My\UPPRPO\CaloriesMeter\src\main\webapp\src\components\AuthNavBar.js
FN:6,(anonymous_0)
FNF:1
FNH:1
FNDA:1,(anonymous_0)
DA:7,1
LF:1
LH:1
BRF:0
BRH:0
end_of_record
TN:
SF:D:\My\UPPRPO\CaloriesMeter\src\main\webapp\src\components\Food.js
FN:7,(anonymous_0)
FN:18,(anonymous_1)
FN:28,(anonymous_2)
FN:34,(anonymous_3)
FN:40,(anonymous_4)
FN:44,(anonymous_5)
FN:48,(anonymous_6)
FNF:7
FNH:3
FNDA:6,(anonymous_0)
FNDA:1,(anonymous_1)
FNDA:0,(anonymous_2)
FNDA:0,(anonymous_3)
FNDA:0,(anonymous_4)
FNDA:0,(anonymous_5)
FNDA:7,(anonymous_6)
DA:8,6
DA:9,6
DA:10,6
DA:11,6
DA:12,6
DA:13,6
DA:16,6
DA:19,1
DA:21,1
DA:27,1
DA:29,0
DA:35,0
DA:40,1
DA:41,1
DA:45,0
DA:49,7
LF:16
LH:13
BRDA:37,0,0,0
BRDA:37,0,1,0
BRDA:51,1,0,0
BRDA:51,1,1,7
BRF:4
BRH:1
end_of_record
TN:
SF:D:\My\UPPRPO\CaloriesMeter\src\main\webapp\src\components\FoodList.js
FN:23,(anonymous_0)
FN:38,(anonymous_1)
FN:42,(anonymous_2)
FN:45,(anonymous_3)
FN:46,(anonymous_4)
FN:56,(anonymous_5)
FN:74,(anonymous_6)
FN:85,(anonymous_7)
FN:96,(anonymous_8)
FN:107,(anonymous_9)
FN:117,(anonymous_10)
FN:123,(anonymous_11)
FN:128,(anonymous_12)
FN:137,(anonymous_13)
FN:138,(anonymous_14)
FN:148,(anonymous_15)
FN:153,(anonymous_16)
FN:158,(anonymous_17)
FN:166,(anonymous_18)
FN:172,(anonymous_19)
FN:178,(anonymous_20)
FN:181,(anonymous_21)
FN:186,(anonymous_22)
FN:230,(anonymous_23)
FNF:24
FNH:13
FNDA:14,(anonymous_0)
FNDA:14,(anonymous_1)
FNDA:19,(anonymous_2)
FNDA:0,(anonymous_3)
FNDA:0,(anonymous_4)
FNDA:0,(anonymous_5)
FNDA:3,(anonymous_6)
FNDA:3,(anonymous_7)
FNDA:3,(anonymous_8)
FNDA:3,(anonymous_9)
FNDA:3,(anonymous_10)
FNDA:1,(anonymous_11)
FNDA:7,(anonymous_12)
FNDA:0,(anonymous_13)
FNDA:0,(anonymous_14)
FNDA:1,(anonymous_15)
FNDA:1,(anonymous_16)
FNDA:0,(anonymous_17)
FNDA:0,(anonymous_18)
FNDA:0,(anonymous_19)
FNDA:0,(anonymous_20)
FNDA:0,(anonymous_21)
FNDA:26,(anonymous_22)
FNDA:0,(anonymous_23)
DA:24,14
DA:25,14
DA:39,14
DA:43,19
DA:44,19
DA:45,0
DA:47,0
DA:56,14
DA:57,0
DA:58,0
DA:59,0
DA:61,0
DA:62,0
DA:64,0
DA:65,0
DA:67,0
DA:69,0
DA:74,14
DA:75,3
DA:76,3
DA:77,2
DA:78,1
DA:80,1
DA:85,14
DA:86,3
DA:87,3
DA:88,2
DA:89,1
DA:91,1
DA:96,14
DA:97,3
DA:98,3
DA:99,2
DA:100,1
DA:102,1
DA:107,14
DA:108,3
DA:109,2
DA:110,1
DA:112,1
DA:117,14
DA:118,3
DA:123,14
DA:124,1
DA:125,1
DA:128,14
DA:129,7
DA:130,7
DA:131,1
DA:133,7
DA:134,1
DA:136,7
DA:137,0
DA:139,0
DA:148,14
DA:149,1
DA:153,14
DA:154,1
DA:158,14
DA:159,0
DA:164,0
DA:165,0
DA:167,0
DA:173,0
DA:178,0
DA:181,14
DA:182,0
DA:187,26
DA:189,26
DA:231,0
LF:70
LH:49
BRDA:58,0,0,0
BRDA:58,0,1,0
BRDA:61,1,0,0
BRDA:61,1,1,0
BRDA:64,2,0,0
BRDA:64,2,1,0
BRDA:76,3,0,2
BRDA:76,3,1,1
BRDA:77,4,0,1
BRDA:77,4,1,1
BRDA:87,5,0,2
BRDA:87,5,1,1
BRDA:88,6,0,1
BRDA:88,6,1,1
BRDA:98,7,0,2
BRDA:98,7,1,1
BRDA:99,8,0,1
BRDA:99,8,1,1
BRDA:108,9,0,2
BRDA:108,9,1,1
BRDA:109,10,0,1
BRDA:109,10,1,1
BRDA:130,11,0,1
BRDA:130,11,1,6
BRDA:133,12,0,1
BRDA:133,12,1,6
BRDA:175,13,0,0
BRDA:175,13,1,0
BRDA:191,14,0,0
BRDA:191,14,1,26
BRDA:226,15,0,26
BRDA:226,15,1,0
BRDA:243,16,0,0
BRDA:243,16,1,26
BRDA:251,17,0,0
BRDA:251,17,1,0
BRDA:255,18,0,0
BRDA:255,18,1,0
BRDA:263,19,0,0
BRDA:263,19,1,0
BRDA:267,20,0,0
BRDA:267,20,1,0
BRF:42
BRH:23
end_of_record
TN:
SF:D:\My\UPPRPO\CaloriesMeter\src\main\webapp\src\components\Footer.js
FN:6,(anonymous_0)
FNF:1
FNH:1
FNDA:1,(anonymous_0)
DA:7,1
DA:9,1
LF:2
LH:2
BRF:0
BRH:0
end_of_record
TN:
SF:D:\My\UPPRPO\CaloriesMeter\src\main\webapp\src\components\NavigationBar.js
FN:6,(anonymous_0)
FNF:1
FNH:1
FNDA:1,(anonymous_0)
DA:7,1
LF:1
LH:1
BRF:0
BRH:0
end_of_record
TN:
SF:D:\My\UPPRPO\CaloriesMeter\src\main\webapp\src\components\Welcome.js
FN:5,(anonymous_0)
FNF:1
FNH:1
FNDA:1,(anonymous_0)
DA:6,1
LF:1
LH:1
BRF:0
BRH:0
end_of_record
